created study 'point2_nfs_shared' on /p/rlprojects/RND/07_reconstruction/optuna/code/2026-07-03-20-09_parallel-storage-and-ask-tell/02_study_journal.log
launched 8 worker processes
--- worker 0 exit=0 ---
[I 2026-07-03 20:14:24,697] Trial 1 finished with value: 24.00946954712633 and parameters: {'x': 5.505705857126088, 'y': -4.395681290596441}. Best is trial 1 with value: 24.00946954712633.
[I 2026-07-03 20:14:25,307] Trial 3 finished with value: 69.39921563980731 and parameters: {'x': 5.024421320961798, 'y': -8.73509357588524}. Best is trial 17 with value: 5.853368392352442.
[I 2026-07-03 20:14:25,336] Trial 19 finished with value: 9.668230321845082 and parameters: {'x': -0.3325984847934871, 'y': -2.967529253198957}. Best is trial 17 with value: 5.853368392352442.
[I 2026-07-03 20:14:25,380] Trial 20 finished with value: 24.218822744805927 and parameters: {'x': 2.9722968215948553, 'y': 3.9098138287980038}. Best is trial 17 with value: 5.853368392352442.
[I 2026-07-03 20:14:25,422] Trial 21 finished with value: 31.701318451292025 and parameters: {'x': -3.6108128444494496, 'y': -1.9228230509191544}. Best is trial 17 with value: 5.853368392352442.
worker pid done; study now has 22 trials
--- worker 1 exit=0 ---
[I 2026-07-03 20:14:27,795] Trial 35 finished with value: 4.50109165754909 and parameters: {'x': 3.3407266061557657, 'y': 0.8414293028777664}. Best is trial 32 with value: -0.5366958991160304.
[I 2026-07-03 20:14:27,826] Trial 36 finished with value: 13.014542196965213 and parameters: {'x': 5.375360653935762, 'y': 0.3029611084321686}. Best is trial 32 with value: -0.5366958991160304.
[I 2026-07-03 20:14:27,874] Trial 37 finished with value: 2.966509541850943 and parameters: {'x': 3.9140519513176866, 'y': -1.1006914982734246}. Best is trial 32 with value: -0.5366958991160304.
[I 2026-07-03 20:14:27,902] Trial 38 finished with value: 5.3017831734040985 and parameters: {'x': 1.194641284439615, 'y': 1.2308538772156983}. Best is trial 32 with value: -0.5366958991160304.
[I 2026-07-03 20:14:27,929] Trial 39 finished with value: 31.814895101030434 and parameters: {'x': 6.334933477094207, 'y': -4.449657060878924}. Best is trial 32 with value: -0.5366958991160304.
worker pid done; study now has 40 trials
--- worker 2 exit=0 ---
[I 2026-07-03 20:14:25,761] Trial 0 finished with value: 155.06505358363216 and parameters: {'x': -8.894632781301317, 'y': -7.0315037342567805}. Best is trial 17 with value: 5.853368392352442.
[I 2026-07-03 20:14:25,810] Trial 22 finished with value: 8.441549174473296 and parameters: {'x': -0.014760572011569606, 'y': -3.07224853916478}. Best is trial 17 with value: 5.853368392352442.
[I 2026-07-03 20:14:25,857] Trial 23 finished with value: 18.298676289129023 and parameters: {'x': -2.0653161968103904, 'y': -2.421456388945699}. Best is trial 17 with value: 5.853368392352442.
[I 2026-07-03 20:14:25,896] Trial 24 finished with value: 33.51840053839111 and parameters: {'x': -0.23162387360473569, 'y': -6.322169934658334}. Best is trial 17 with value: 5.853368392352442.
[I 2026-07-03 20:14:25,959] Trial 25 finished with value: 5.79590070413536 and parameters: {'x': 1.7896702787714327, 'y': -3.3650973098408468}. Best is trial 25 with value: 5.79590070413536.
worker pid done; study now has 26 trials
--- worker 3 exit=0 ---
[I 2026-07-03 20:14:24,717] Trial 2 finished with value: 64.72826636365389 and parameters: {'x': -5.64799197526602, 'y': 1.3989565856467898}. Best is trial 1 with value: 24.00946954712633.
[I 2026-07-03 20:14:24,810] Trial 4 finished with value: 22.07021745666905 and parameters: {'x': -0.9538663689037215, 'y': -4.648009726225915}. Best is trial 4 with value: 22.07021745666905.
[I 2026-07-03 20:14:25,191] Trial 8 finished with value: 92.54849421752512 and parameters: {'x': -4.9662096643550635, 'y': -7.682229203797202}. Best is trial 7 with value: 11.481266969760657.
[I 2026-07-03 20:14:25,235] Trial 17 finished with value: 5.853368392352442 and parameters: {'x': 1.82056643395156, 'y': -3.4176662615033364}. Best is trial 17 with value: 5.853368392352442.
[I 2026-07-03 20:14:25,271] Trial 18 finished with value: 63.837367157247776 and parameters: {'x': 9.981425008606962, 'y': -2.0189824603066677}. Best is trial 17 with value: 5.853368392352442.
worker pid done; study now has 19 trials
--- worker 4 exit=0 ---
[I 2026-07-03 20:14:24,888] Trial 7 finished with value: 11.481266969760657 and parameters: {'x': 0.26648595848987, 'y': -3.874768699825985}. Best is trial 7 with value: 11.481266969760657.
[I 2026-07-03 20:14:24,980] Trial 10 finished with value: 28.371250962295576 and parameters: {'x': 7.094806104178254, 'y': 0.3748785479117682}. Best is trial 7 with value: 11.481266969760657.
[I 2026-07-03 20:14:25,021] Trial 12 finished with value: 61.53463130093084 and parameters: {'x': -5.882782574754888, 'y': -0.5506915805283441}. Best is trial 7 with value: 11.481266969760657.
[I 2026-07-03 20:14:25,084] Trial 13 finished with value: 66.55095044520024 and parameters: {'x': -2.0496537510729995, 'y': 6.078003316391516}. Best is trial 7 with value: 11.481266969760657.
[I 2026-07-03 20:14:25,133] Trial 15 finished with value: 74.72128612150017 and parameters: {'x': 2.787783890784091, 'y': -9.630482196267533}. Best is trial 7 with value: 11.481266969760657.
worker pid done; study now has 17 trials
--- worker 5 exit=0 ---
[I 2026-07-03 20:14:26,833] Trial 26 finished with value: 0.9091311342141445 and parameters: {'x': 2.9987713509564475, 'y': -0.8422435478325512}. Best is trial 26 with value: 0.9091311342141445.
[I 2026-07-03 20:14:26,901] Trial 27 finished with value: 6.424163905837016 and parameters: {'x': 4.305741767652706, 'y': -0.6533484687760347}. Best is trial 26 with value: 0.9091311342141445.
[I 2026-07-03 20:14:26,981] Trial 29 finished with value: 49.47749343624822 and parameters: {'x': 8.256243302451171, 'y': 2.20252454628395}. Best is trial 26 with value: 0.9091311342141445.
[I 2026-07-03 20:14:27,073] Trial 31 finished with value: 52.442983022468795 and parameters: {'x': 6.546043099364611, 'y': 4.554997517564599}. Best is trial 26 with value: 0.9091311342141445.
[I 2026-07-03 20:14:27,130] Trial 33 finished with value: 1.3377898318474195 and parameters: {'x': 1.841678754338381, 'y': -0.017308812055921052}. Best is trial 32 with value: -0.5366958991160304.
worker pid done; study now has 35 trials
--- worker 6 exit=0 ---
[I 2026-07-03 20:14:26,836] Trial 5 finished with value: 201.39707630458807 and parameters: {'x': -9.778365107782353, 'y': -8.924309251297142}. Best is trial 26 with value: 0.9091311342141445.
[I 2026-07-03 20:14:26,927] Trial 28 finished with value: 5.666772181492129 and parameters: {'x': 4.3511853778280525, 'y': -0.6384115717844998}. Best is trial 26 with value: 0.9091311342141445.
[I 2026-07-03 20:14:27,018] Trial 30 finished with value: 40.64702770001367 and parameters: {'x': 7.650010032497665, 'y': 1.9317248589537757}. Best is trial 26 with value: 0.9091311342141445.
[I 2026-07-03 20:14:27,110] Trial 32 finished with value: -0.5366958991160304 and parameters: {'x': 1.7704222067514284, 'y': -0.5101815803879957}. Best is trial 32 with value: -0.5366958991160304.
[I 2026-07-03 20:14:27,145] Trial 34 finished with value: 2.6542017980893715 and parameters: {'x': 3.707972860813774, 'y': -0.6615313926305291}. Best is trial 32 with value: -0.5366958991160304.
worker pid done; study now has 35 trials
--- worker 7 exit=0 ---
[I 2026-07-03 20:14:24,886] Trial 6 finished with value: 90.35100054195 and parameters: {'x': -6.672519483414547, 'y': 2.84041027709878}. Best is trial 7 with value: 11.481266969760657.
[I 2026-07-03 20:14:24,973] Trial 9 finished with value: 154.36887261274612 and parameters: {'x': -5.536928664583469, 'y': 8.853078263065619}. Best is trial 7 with value: 11.481266969760657.
[I 2026-07-03 20:14:25,038] Trial 11 finished with value: 189.512154036616 and parameters: {'x': -9.561253590302108, 'y': -8.435150355892356}. Best is trial 7 with value: 11.481266969760657.
[I 2026-07-03 20:14:25,113] Trial 14 finished with value: 140.14633089674433 and parameters: {'x': -6.394710642824874, 'y': 7.34678388201656}. Best is trial 7 with value: 11.481266969760657.
[I 2026-07-03 20:14:25,147] Trial 16 finished with value: 20.251246713137263 and parameters: {'x': 1.57798179806617, 'y': -5.563563038324985}. Best is trial 7 with value: 11.481266969760657.
worker pid done; study now has 17 trials
total trials in study: 40
COMPLETE trials: 40
best value: -0.5367
best params: {'x': 1.7704222067514284, 'y': -0.5101815803879957}
POINT 2 OK: 8 processes shared one NFS journal study; 40/40 COMPLETE
[I 2026-07-03 20:14:24,094] A new study created in Journal with name: point2_nfs_shared


